{
  "RSpec": {
    "coverage": {
      "/Users/hashgari/Turing/mod_3/projects/solar_garden/rails_backend/app/models/garden.rb": {
        "lines": [
          1,
          1,
          null,
          1,
          1,
          1,
          null
        ]
      },
      "/Users/hashgari/Turing/mod_3/projects/solar_garden/rails_backend/app/models/application_record.rb": {
        "lines": [
          1,
          1,
          null
        ]
      },
      "/Users/hashgari/Turing/mod_3/projects/solar_garden/rails_backend/app/models/sensor.rb": {
        "lines": [
          1,
          1,
          null,
          1,
          null,
          1,
          null
        ]
      },
      "/Users/hashgari/Turing/mod_3/projects/solar_garden/rails_backend/app/models/user_garden.rb": {
        "lines": [
          1,
          1,
          1,
          null
        ]
      },
      "/Users/hashgari/Turing/mod_3/projects/solar_garden/rails_backend/app/models/user.rb": {
        "lines": [
          1,
          1,
          null,
          1,
          1,
          null
        ]
      },
      "/Users/hashgari/Turing/mod_3/projects/solar_garden/rails_backend/app/controllers/application_controller.rb": {
        "lines": [
          0,
          0
        ],
        "branches": {
        }
      }
    },
    "timestamp": 1603917993
  }
}
